<?xml version="1.0" encoding="UTF-8"?>
<!-- Generated by org.testng.reporters.JUnitReportReporter -->
<testsuite skipped="0" hostname="L-8832" name="JLR_RTCLoginApp.RTClogin2" tests="1" failures="0" timestamp="27 Feb 2019 11:44:32 GMT" time="188.679" errors="0">
  <testcase name="LoginintoApp" time="188.679" classname="JLR_RTCLoginApp.RTClogin2"/>
</testsuite> <!-- JLR_RTCLoginApp.RTClogin2 -->
